<?xml version="1.0" encoding="UTF-8"?>
<!-- Generated by org.testng.reporters.JUnitReportReporter -->
<testsuite skipped="0" hostname="Krishna-PC" name="mastersettings.LoginErp" tests="1" failures="0" timestamp="18 Jan 2018 07:22:04 GMT" time="15.091" errors="0">
  <testcase name="Login" time="15.091" classname="mastersettings.LoginErp"/>
</testsuite> <!-- mastersettings.LoginErp -->
