<?xml version="1.0" encoding="UTF-8"?>
<!-- Generated by org.testng.reporters.JUnitReportReporter -->
<testsuite skipped="0" hostname="Krishna-PC" name="mastersettings.MasterSetting" tests="1" failures="0" timestamp="18 Jan 2018 07:36:22 GMT" time="28.379" errors="0">
  <testcase name="Login" time="28.379" classname="mastersettings.MasterSetting"/>
</testsuite> <!-- mastersettings.MasterSetting -->
